<?xml version="1.0" encoding="UTF-8"?>
<testsuite name="JwtTest" tests="1" skipped="0" failures="0" errors="0" timestamp="2021-01-08T12:02:58" hostname="Antons-MBP-8.fritz.box" time="0.568">
  <properties/>
  <testcase name="testBreakIn(Vertx, VertxTestContext)" classname="JwtTest" time="0.568"/>
  <system-out><![CDATA[]]></system-out>
  <system-err><![CDATA[]]></system-err>
</testsuite>
